nohup: ignoring input
>>> Building unified WSL target in build/ ...
cmake -S . -B build -G "Ninja" -DCMAKE_BUILD_TYPE=Release -DDCKP_ENABLE_SANITIZERS=OFF -DDCKP_ENABLE_HARDENING=ON 
-- Configuring done (0.8s)
-- Generating done (0.2s)
-- Build files have been written to: /mnt/c/Users/thall/Documents/dckp-sbpo/build
cmake --build build --parallel
ninja: no work to do.
[inst 1/100 | run 1/5] 10I1 -> profit=2540 (10000ms, valid=true)
[inst 1/100 | run 2/5] 10I1 -> profit=2559 (10000ms, valid=true)
[inst 1/100 | run 3/5] 10I1 -> profit=2550 (10000ms, valid=true)
[inst 1/100 | run 4/5] 10I1 -> profit=2580 (10000ms, valid=true)
[inst 1/100 | run 5/5] 10I1 -> profit=2530 (10000ms, valid=true)
[inst 2/100 | run 1/5] 10I2 -> profit=2543 (10000ms, valid=true)
[inst 2/100 | run 2/5] 10I2 -> profit=2538 (10000ms, valid=true)
[inst 2/100 | run 3/5] 10I2 -> profit=2538 (10000ms, valid=true)
[inst 2/100 | run 4/5] 10I2 -> profit=2539 (10000ms, valid=true)
[inst 2/100 | run 5/5] 10I2 -> profit=2540 (10000ms, valid=true)
[inst 3/100 | run 1/5] 10I3 -> profit=2530 (10000ms, valid=true)
[inst 3/100 | run 2/5] 10I3 -> profit=2549 (10000ms, valid=true)
[inst 3/100 | run 3/5] 10I3 -> profit=2550 (10000ms, valid=true)
[inst 3/100 | run 4/5] 10I3 -> profit=2570 (10000ms, valid=true)
[inst 3/100 | run 5/5] 10I3 -> profit=2560 (10000ms, valid=true)
[inst 4/100 | run 1/5] 10I4 -> profit=2480 (10000ms, valid=true)
[inst 4/100 | run 2/5] 10I4 -> profit=2540 (10000ms, valid=true)
[inst 4/100 | run 3/5] 10I4 -> profit=2539 (10000ms, valid=true)
[inst 4/100 | run 4/5] 10I4 -> profit=2549 (10000ms, valid=true)
[inst 4/100 | run 5/5] 10I4 -> profit=2529 (10000ms, valid=true)
[inst 5/100 | run 1/5] 10I5 -> profit=2560 (10000ms, valid=true)
[inst 5/100 | run 2/5] 10I5 -> profit=2530 (10000ms, valid=true)
[inst 5/100 | run 3/5] 10I5 -> profit=2550 (10000ms, valid=true)
[inst 5/100 | run 4/5] 10I5 -> profit=2560 (10000ms, valid=true)
[inst 5/100 | run 5/5] 10I5 -> profit=2530 (10000ms, valid=true)
[inst 6/100 | run 1/5] 1I1 -> profit=2445 (10000ms, valid=true)
[inst 6/100 | run 2/5] 1I1 -> profit=2493 (10000ms, valid=true)
[inst 6/100 | run 3/5] 1I1 -> profit=2411 (10000ms, valid=true)
[inst 6/100 | run 4/5] 1I1 -> profit=2495 (10000ms, valid=true)
[inst 6/100 | run 5/5] 1I1 -> profit=2545 (10000ms, valid=true)
[inst 7/100 | run 1/5] 1I2 -> profit=2522 (10000ms, valid=true)
[inst 7/100 | run 2/5] 1I2 -> profit=2470 (10000ms, valid=true)
[inst 7/100 | run 3/5] 1I2 -> profit=2527 (10000ms, valid=true)
[inst 7/100 | run 4/5] 1I2 -> profit=2491 (10000ms, valid=true)
[inst 7/100 | run 5/5] 1I2 -> profit=2421 (10000ms, valid=true)
[inst 8/100 | run 1/5] 1I3 -> profit=2290 (10000ms, valid=true)
[inst 8/100 | run 2/5] 1I3 -> profit=2280 (10000ms, valid=true)
[inst 8/100 | run 3/5] 1I3 -> profit=2280 (10000ms, valid=true)
[inst 8/100 | run 4/5] 1I3 -> profit=2287 (10000ms, valid=true)
[inst 8/100 | run 5/5] 1I3 -> profit=2286 (10000ms, valid=true)
[inst 9/100 | run 1/5] 1I4 -> profit=2270 (10000ms, valid=true)
[inst 9/100 | run 2/5] 1I4 -> profit=2279 (10000ms, valid=true)
[inst 9/100 | run 3/5] 1I4 -> profit=2270 (10000ms, valid=true)
[inst 9/100 | run 4/5] 1I4 -> profit=2280 (10000ms, valid=true)
[inst 9/100 | run 5/5] 1I4 -> profit=2277 (10000ms, valid=true)
[inst 10/100 | run 1/5] 1I5 -> profit=2290 (10000ms, valid=true)
[inst 10/100 | run 2/5] 1I5 -> profit=2300 (10000ms, valid=true)
[inst 10/100 | run 3/5] 1I5 -> profit=2300 (10000ms, valid=true)
[inst 10/100 | run 4/5] 1I5 -> profit=2290 (10000ms, valid=true)
[inst 10/100 | run 5/5] 1I5 -> profit=2300 (10000ms, valid=true)
[inst 11/100 | run 1/5] 2I1 -> profit=1835 (10000ms, valid=true)
[inst 11/100 | run 2/5] 2I1 -> profit=1835 (10000ms, valid=true)
[inst 11/100 | run 3/5] 2I1 -> profit=1835 (10000ms, valid=true)
[inst 11/100 | run 4/5] 2I1 -> profit=1835 (10000ms, valid=true)
[inst 11/100 | run 5/5] 2I1 -> profit=1835 (10000ms, valid=true)
[inst 12/100 | run 1/5] 2I2 -> profit=1947 (10000ms, valid=true)
[inst 12/100 | run 2/5] 2I2 -> profit=1947 (10000ms, valid=true)
[inst 12/100 | run 3/5] 2I2 -> profit=1947 (10000ms, valid=true)
[inst 12/100 | run 4/5] 2I2 -> profit=1947 (10000ms, valid=true)
[inst 12/100 | run 5/5] 2I2 -> profit=1947 (10000ms, valid=true)
[inst 13/100 | run 1/5] 2I3 -> profit=1925 (10000ms, valid=true)
[inst 13/100 | run 2/5] 2I3 -> profit=1925 (10000ms, valid=true)
[inst 13/100 | run 3/5] 2I3 -> profit=1925 (10000ms, valid=true)
[inst 13/100 | run 4/5] 2I3 -> profit=1925 (10000ms, valid=true)
[inst 13/100 | run 5/5] 2I3 -> profit=1925 (10000ms, valid=true)
[inst 14/100 | run 1/5] 2I4 -> profit=1985 (10000ms, valid=true)
[inst 14/100 | run 2/5] 2I4 -> profit=1985 (10000ms, valid=true)
[inst 14/100 | run 3/5] 2I4 -> profit=1985 (10000ms, valid=true)
[inst 14/100 | run 4/5] 2I4 -> profit=1985 (10000ms, valid=true)
[inst 14/100 | run 5/5] 2I4 -> profit=1985 (10000ms, valid=true)
[inst 15/100 | run 1/5] 2I5 -> profit=2070 (10000ms, valid=true)
[inst 15/100 | run 2/5] 2I5 -> profit=2079 (10000ms, valid=true)
[inst 15/100 | run 3/5] 2I5 -> profit=2070 (10000ms, valid=true)
[inst 15/100 | run 4/5] 2I5 -> profit=2070 (10000ms, valid=true)
[inst 15/100 | run 5/5] 2I5 -> profit=2079 (10000ms, valid=true)
[inst 16/100 | run 1/5] 3I1 -> profit=1575 (10000ms, valid=true)
[inst 16/100 | run 2/5] 3I1 -> profit=1575 (10000ms, valid=true)
[inst 16/100 | run 3/5] 3I1 -> profit=1575 (10000ms, valid=true)
[inst 16/100 | run 4/5] 3I1 -> profit=1603 (10000ms, valid=true)
[inst 16/100 | run 5/5] 3I1 -> profit=1575 (10000ms, valid=true)
[inst 17/100 | run 1/5] 3I2 -> profit=1577 (10000ms, valid=true)
[inst 17/100 | run 2/5] 3I2 -> profit=1577 (10000ms, valid=true)
[inst 17/100 | run 3/5] 3I2 -> profit=1577 (10000ms, valid=true)
[inst 17/100 | run 4/5] 3I2 -> profit=1577 (10000ms, valid=true)
[inst 17/100 | run 5/5] 3I2 -> profit=1577 (10000ms, valid=true)
[inst 18/100 | run 1/5] 3I3 -> profit=1611 (10000ms, valid=true)
[inst 18/100 | run 2/5] 3I3 -> profit=1611 (10000ms, valid=true)
[inst 18/100 | run 3/5] 3I3 -> profit=1611 (10000ms, valid=true)
[inst 18/100 | run 4/5] 3I3 -> profit=1611 (10000ms, valid=true)
[inst 18/100 | run 5/5] 3I3 -> profit=1611 (10000ms, valid=true)
[inst 19/100 | run 1/5] 3I4 -> profit=1605 (10000ms, valid=true)
[inst 19/100 | run 2/5] 3I4 -> profit=1605 (10000ms, valid=true)
[inst 19/100 | run 3/5] 3I4 -> profit=1605 (10000ms, valid=true)
[inst 19/100 | run 4/5] 3I4 -> profit=1605 (10000ms, valid=true)
[inst 19/100 | run 5/5] 3I4 -> profit=1605 (10000ms, valid=true)
[inst 20/100 | run 1/5] 3I5 -> profit=1732 (10000ms, valid=true)
[inst 20/100 | run 2/5] 3I5 -> profit=1732 (10000ms, valid=true)
[inst 20/100 | run 3/5] 3I5 -> profit=1732 (10000ms, valid=true)
[inst 20/100 | run 4/5] 3I5 -> profit=1732 (10000ms, valid=true)
[inst 20/100 | run 5/5] 3I5 -> profit=1732 (10000ms, valid=true)
[inst 21/100 | run 1/5] 4I1 -> profit=981 (10000ms, valid=true)
[inst 21/100 | run 2/5] 4I1 -> profit=981 (10000ms, valid=true)
[inst 21/100 | run 3/5] 4I1 -> profit=981 (10000ms, valid=true)
[inst 21/100 | run 4/5] 4I1 -> profit=981 (10000ms, valid=true)
[inst 21/100 | run 5/5] 4I1 -> profit=981 (10000ms, valid=true)
[inst 22/100 | run 1/5] 4I2 -> profit=1118 (10000ms, valid=true)
[inst 22/100 | run 2/5] 4I2 -> profit=1118 (10000ms, valid=true)
[inst 22/100 | run 3/5] 4I2 -> profit=1118 (10000ms, valid=true)
[inst 22/100 | run 4/5] 4I2 -> profit=1118 (10000ms, valid=true)
[inst 22/100 | run 5/5] 4I2 -> profit=1118 (10000ms, valid=true)
[inst 23/100 | run 1/5] 4I3 -> profit=1129 (10000ms, valid=true)
[inst 23/100 | run 2/5] 4I3 -> profit=1129 (10000ms, valid=true)
[inst 23/100 | run 3/5] 4I3 -> profit=1129 (10000ms, valid=true)
[inst 23/100 | run 4/5] 4I3 -> profit=1129 (10000ms, valid=true)
[inst 23/100 | run 5/5] 4I3 -> profit=1129 (10000ms, valid=true)
[inst 24/100 | run 1/5] 4I4 -> profit=1209 (10000ms, valid=true)
[inst 24/100 | run 2/5] 4I4 -> profit=1209 (10000ms, valid=true)
[inst 24/100 | run 3/5] 4I4 -> profit=1209 (10000ms, valid=true)
[inst 24/100 | run 4/5] 4I4 -> profit=1209 (10000ms, valid=true)
[inst 24/100 | run 5/5] 4I4 -> profit=1209 (10000ms, valid=true)
[inst 25/100 | run 1/5] 4I5 -> profit=957 (10000ms, valid=true)
[inst 25/100 | run 2/5] 4I5 -> profit=957 (10000ms, valid=true)
[inst 25/100 | run 3/5] 4I5 -> profit=957 (10000ms, valid=true)
[inst 25/100 | run 4/5] 4I5 -> profit=957 (10000ms, valid=true)
[inst 25/100 | run 5/5] 4I5 -> profit=957 (10000ms, valid=true)
[inst 26/100 | run 1/5] 5I1 -> profit=2610 (10000ms, valid=true)
[inst 26/100 | run 2/5] 5I1 -> profit=2618 (10000ms, valid=true)
[inst 26/100 | run 3/5] 5I1 -> profit=2630 (10000ms, valid=true)
[inst 26/100 | run 4/5] 5I1 -> profit=2620 (10000ms, valid=true)
[inst 26/100 | run 5/5] 5I1 -> profit=2610 (10000ms, valid=true)
[inst 27/100 | run 1/5] 5I2 -> profit=2650 (10000ms, valid=true)
[inst 27/100 | run 2/5] 5I2 -> profit=2640 (10000ms, valid=true)
[inst 27/100 | run 3/5] 5I2 -> profit=2650 (10000ms, valid=true)
[inst 27/100 | run 4/5] 5I2 -> profit=2630 (10000ms, valid=true)
[inst 27/100 | run 5/5] 5I2 -> profit=2610 (10000ms, valid=true)
[inst 28/100 | run 1/5] 5I3 -> profit=2600 (10000ms, valid=true)
[inst 28/100 | run 2/5] 5I3 -> profit=2618 (10000ms, valid=true)
[inst 28/100 | run 3/5] 5I3 -> profit=2630 (10000ms, valid=true)
[inst 28/100 | run 4/5] 5I3 -> profit=2629 (10000ms, valid=true)
[inst 28/100 | run 5/5] 5I3 -> profit=2629 (10000ms, valid=true)
[inst 29/100 | run 1/5] 5I4 -> profit=2649 (10000ms, valid=true)
[inst 29/100 | run 2/5] 5I4 -> profit=2620 (10000ms, valid=true)
[inst 29/100 | run 3/5] 5I4 -> profit=2640 (10000ms, valid=true)
[inst 29/100 | run 4/5] 5I4 -> profit=2630 (10000ms, valid=true)
[inst 29/100 | run 5/5] 5I4 -> profit=2660 (10000ms, valid=true)
[inst 30/100 | run 1/5] 5I5 -> profit=2630 (10000ms, valid=true)
[inst 30/100 | run 2/5] 5I5 -> profit=2639 (10000ms, valid=true)
[inst 30/100 | run 3/5] 5I5 -> profit=2630 (10000ms, valid=true)
[inst 30/100 | run 4/5] 5I5 -> profit=2640 (10000ms, valid=true)
[inst 30/100 | run 5/5] 5I5 -> profit=2630 (10000ms, valid=true)
[inst 31/100 | run 1/5] 6I1 -> profit=2773 (10000ms, valid=true)
[inst 31/100 | run 2/5] 6I1 -> profit=2748 (10000ms, valid=true)
[inst 31/100 | run 3/5] 6I1 -> profit=2760 (10000ms, valid=true)
[inst 31/100 | run 4/5] 6I1 -> profit=2740 (10000ms, valid=true)
[inst 31/100 | run 5/5] 6I1 -> profit=2760 (10000ms, valid=true)
[inst 32/100 | run 1/5] 6I2 -> profit=2780 (10000ms, valid=true)
[inst 32/100 | run 2/5] 6I2 -> profit=2760 (10000ms, valid=true)
[inst 32/100 | run 3/5] 6I2 -> profit=2750 (10000ms, valid=true)
[inst 32/100 | run 4/5] 6I2 -> profit=2750 (10000ms, valid=true)
[inst 32/100 | run 5/5] 6I2 -> profit=2760 (10000ms, valid=true)
[inst 33/100 | run 1/5] 6I3 -> profit=2750 (10000ms, valid=true)
[inst 33/100 | run 2/5] 6I3 -> profit=2759 (10000ms, valid=true)
[inst 33/100 | run 3/5] 6I3 -> profit=2720 (10000ms, valid=true)
[inst 33/100 | run 4/5] 6I3 -> profit=2770 (10000ms, valid=true)
[inst 33/100 | run 5/5] 6I3 -> profit=2760 (10000ms, valid=true)
[inst 34/100 | run 1/5] 6I4 -> profit=2739 (10000ms, valid=true)
[inst 34/100 | run 2/5] 6I4 -> profit=2770 (10000ms, valid=true)
[inst 34/100 | run 3/5] 6I4 -> profit=2740 (10000ms, valid=true)
[inst 34/100 | run 4/5] 6I4 -> profit=2740 (10000ms, valid=true)
[inst 34/100 | run 5/5] 6I4 -> profit=2740 (10000ms, valid=true)
[inst 35/100 | run 1/5] 6I5 -> profit=2790 (10000ms, valid=true)
[inst 35/100 | run 2/5] 6I5 -> profit=2779 (10000ms, valid=true)
[inst 35/100 | run 3/5] 6I5 -> profit=2770 (10000ms, valid=true)
[inst 35/100 | run 4/5] 6I5 -> profit=2760 (10000ms, valid=true)
[inst 35/100 | run 5/5] 6I5 -> profit=2780 (10000ms, valid=true)
[inst 36/100 | run 1/5] 7I1 -> profit=2700 (10000ms, valid=true)
[inst 36/100 | run 2/5] 7I1 -> profit=2700 (10000ms, valid=true)
[inst 36/100 | run 3/5] 7I1 -> profit=2700 (10000ms, valid=true)
[inst 36/100 | run 4/5] 7I1 -> profit=2700 (10000ms, valid=true)
[inst 36/100 | run 5/5] 7I1 -> profit=2680 (10000ms, valid=true)
[inst 37/100 | run 1/5] 7I2 -> profit=2700 (10000ms, valid=true)
[inst 37/100 | run 2/5] 7I2 -> profit=2658 (10000ms, valid=true)
[inst 37/100 | run 3/5] 7I2 -> profit=2690 (10000ms, valid=true)
[inst 37/100 | run 4/5] 7I2 -> profit=2680 (10000ms, valid=true)
[inst 37/100 | run 5/5] 7I2 -> profit=2690 (10000ms, valid=true)
[inst 38/100 | run 1/5] 7I3 -> profit=2690 (10000ms, valid=true)
[inst 38/100 | run 2/5] 7I3 -> profit=2680 (10000ms, valid=true)
[inst 38/100 | run 3/5] 7I3 -> profit=2664 (10000ms, valid=true)
[inst 38/100 | run 4/5] 7I3 -> profit=2699 (10000ms, valid=true)
[inst 38/100 | run 5/5] 7I3 -> profit=2668 (10000ms, valid=true)
[inst 39/100 | run 1/5] 7I4 -> profit=2700 (10000ms, valid=true)
[inst 39/100 | run 2/5] 7I4 -> profit=2710 (10000ms, valid=true)
[inst 39/100 | run 3/5] 7I4 -> profit=2730 (10000ms, valid=true)
[inst 39/100 | run 4/5] 7I4 -> profit=2700 (10000ms, valid=true)
[inst 39/100 | run 5/5] 7I4 -> profit=2725 (10000ms, valid=true)
[inst 40/100 | run 1/5] 7I5 -> profit=2710 (10000ms, valid=true)
[inst 40/100 | run 2/5] 7I5 -> profit=2700 (10000ms, valid=true)
[inst 40/100 | run 3/5] 7I5 -> profit=2689 (10000ms, valid=true)
[inst 40/100 | run 4/5] 7I5 -> profit=2700 (10000ms, valid=true)
[inst 40/100 | run 5/5] 7I5 -> profit=2709 (10000ms, valid=true)
[inst 41/100 | run 1/5] 8I1 -> profit=2640 (10000ms, valid=true)
[inst 41/100 | run 2/5] 8I1 -> profit=2680 (10000ms, valid=true)
[inst 41/100 | run 3/5] 8I1 -> profit=2630 (10000ms, valid=true)
[inst 41/100 | run 4/5] 8I1 -> profit=2630 (10000ms, valid=true)
[inst 41/100 | run 5/5] 8I1 -> profit=2640 (10000ms, valid=true)
[inst 42/100 | run 1/5] 8I2 -> profit=2648 (10000ms, valid=true)
[inst 42/100 | run 2/5] 8I2 -> profit=2660 (10000ms, valid=true)
[inst 42/100 | run 3/5] 8I2 -> profit=2639 (10000ms, valid=true)
[inst 42/100 | run 4/5] 8I2 -> profit=2640 (10000ms, valid=true)
[inst 42/100 | run 5/5] 8I2 -> profit=2650 (10000ms, valid=true)
[inst 43/100 | run 1/5] 8I3 -> profit=2657 (10000ms, valid=true)
[inst 43/100 | run 2/5] 8I3 -> profit=2650 (10000ms, valid=true)
[inst 43/100 | run 3/5] 8I3 -> profit=2610 (10000ms, valid=true)
[inst 43/100 | run 4/5] 8I3 -> profit=2650 (10000ms, valid=true)
[inst 43/100 | run 5/5] 8I3 -> profit=2650 (10000ms, valid=true)
[inst 44/100 | run 1/5] 8I4 -> profit=2640 (10000ms, valid=true)
[inst 44/100 | run 2/5] 8I4 -> profit=2630 (10000ms, valid=true)
[inst 44/100 | run 3/5] 8I4 -> profit=2630 (10000ms, valid=true)
[inst 44/100 | run 4/5] 8I4 -> profit=2650 (10000ms, valid=true)
[inst 44/100 | run 5/5] 8I4 -> profit=2630 (10000ms, valid=true)
[inst 45/100 | run 1/5] 8I5 -> profit=2610 (10000ms, valid=true)
[inst 45/100 | run 2/5] 8I5 -> profit=2639 (10000ms, valid=true)
[inst 45/100 | run 3/5] 8I5 -> profit=2620 (10000ms, valid=true)
[inst 45/100 | run 4/5] 8I5 -> profit=2610 (10000ms, valid=true)
[inst 45/100 | run 5/5] 8I5 -> profit=2650 (10000ms, valid=true)
[inst 46/100 | run 1/5] 9I1 -> profit=2600 (10000ms, valid=true)
[inst 46/100 | run 2/5] 9I1 -> profit=2590 (10000ms, valid=true)
[inst 46/100 | run 3/5] 9I1 -> profit=2590 (10000ms, valid=true)
[inst 46/100 | run 4/5] 9I1 -> profit=2600 (10000ms, valid=true)
[inst 46/100 | run 5/5] 9I1 -> profit=2580 (10000ms, valid=true)
[inst 47/100 | run 1/5] 9I2 -> profit=2599 (10000ms, valid=true)
[inst 47/100 | run 2/5] 9I2 -> profit=2590 (10000ms, valid=true)
[inst 47/100 | run 3/5] 9I2 -> profit=2560 (10000ms, valid=true)
[inst 47/100 | run 4/5] 9I2 -> profit=2568 (10000ms, valid=true)
[inst 47/100 | run 5/5] 9I2 -> profit=2590 (10000ms, valid=true)
[inst 48/100 | run 1/5] 9I3 -> profit=2585 (10000ms, valid=true)
[inst 48/100 | run 2/5] 9I3 -> profit=2560 (10000ms, valid=true)
[inst 48/100 | run 3/5] 9I3 -> profit=2550 (10000ms, valid=true)
[inst 48/100 | run 4/5] 9I3 -> profit=2566 (10000ms, valid=true)
[inst 48/100 | run 5/5] 9I3 -> profit=2570 (10000ms, valid=true)
[inst 49/100 | run 1/5] 9I4 -> profit=2600 (10000ms, valid=true)
[inst 49/100 | run 2/5] 9I4 -> profit=2600 (10000ms, valid=true)
[inst 49/100 | run 3/5] 9I4 -> profit=2579 (10000ms, valid=true)
[inst 49/100 | run 4/5] 9I4 -> profit=2580 (10000ms, valid=true)
[inst 49/100 | run 5/5] 9I4 -> profit=2584 (10000ms, valid=true)
[inst 50/100 | run 1/5] 9I5 -> profit=2600 (10000ms, valid=true)
[inst 50/100 | run 2/5] 9I5 -> profit=2580 (10000ms, valid=true)
[inst 50/100 | run 3/5] 9I5 -> profit=2598 (10000ms, valid=true)
[inst 50/100 | run 4/5] 9I5 -> profit=2589 (10000ms, valid=true)
[inst 50/100 | run 5/5] 9I5 -> profit=2609 (10000ms, valid=true)
[inst 51/100 | run 1/5] 11I1 -> profit=4869 (10000ms, valid=true)
[inst 51/100 | run 2/5] 11I1 -> profit=4860 (10000ms, valid=true)
[inst 51/100 | run 3/5] 11I1 -> profit=4860 (10000ms, valid=true)
[inst 51/100 | run 4/5] 11I1 -> profit=4858 (10000ms, valid=true)
[inst 51/100 | run 5/5] 11I1 -> profit=4840 (10000ms, valid=true)
[inst 52/100 | run 1/5] 11I2 -> profit=4840 (10000ms, valid=true)
[inst 52/100 | run 2/5] 11I2 -> profit=4860 (10000ms, valid=true)
[inst 52/100 | run 3/5] 11I2 -> profit=4870 (10000ms, valid=true)
[inst 52/100 | run 4/5] 11I2 -> profit=4859 (10000ms, valid=true)
[inst 52/100 | run 5/5] 11I2 -> profit=4838 (10000ms, valid=true)
[inst 53/100 | run 1/5] 11I3 -> profit=4859 (10000ms, valid=true)
[inst 53/100 | run 2/5] 11I3 -> profit=4870 (10000ms, valid=true)
[inst 53/100 | run 3/5] 11I3 -> profit=4850 (10000ms, valid=true)
[inst 53/100 | run 4/5] 11I3 -> profit=4850 (10000ms, valid=true)
[inst 53/100 | run 5/5] 11I3 -> profit=4849 (10000ms, valid=true)
[inst 54/100 | run 1/5] 11I4 -> profit=4839 (10000ms, valid=true)
[inst 54/100 | run 2/5] 11I4 -> profit=4850 (10000ms, valid=true)
[inst 54/100 | run 3/5] 11I4 -> profit=4840 (10000ms, valid=true)
[inst 54/100 | run 4/5] 11I4 -> profit=4844 (10000ms, valid=true)
[inst 54/100 | run 5/5] 11I4 -> profit=4857 (10000ms, valid=true)
[inst 55/100 | run 1/5] 11I5 -> profit=4820 (10000ms, valid=true)
[inst 55/100 | run 2/5] 11I5 -> profit=4810 (10000ms, valid=true)
[inst 55/100 | run 3/5] 11I5 -> profit=4808 (10000ms, valid=true)
[inst 55/100 | run 4/5] 11I5 -> profit=4810 (10000ms, valid=true)
[inst 55/100 | run 5/5] 11I5 -> profit=4820 (10000ms, valid=true)
[inst 56/100 | run 1/5] 12I1 -> profit=4590 (10000ms, valid=true)
[inst 56/100 | run 2/5] 12I1 -> profit=4598 (10000ms, valid=true)
[inst 56/100 | run 3/5] 12I1 -> profit=4599 (10000ms, valid=true)
[inst 56/100 | run 4/5] 12I1 -> profit=4614 (10000ms, valid=true)
[inst 56/100 | run 5/5] 12I1 -> profit=4577 (10000ms, valid=true)
[inst 57/100 | run 1/5] 12I2 -> profit=4580 (10000ms, valid=true)
[inst 57/100 | run 2/5] 12I2 -> profit=4579 (10000ms, valid=true)
[inst 57/100 | run 3/5] 12I2 -> profit=4598 (10000ms, valid=true)
[inst 57/100 | run 4/5] 12I2 -> profit=4580 (10000ms, valid=true)
[inst 57/100 | run 5/5] 12I2 -> profit=4590 (10000ms, valid=true)
[inst 58/100 | run 1/5] 12I3 -> profit=4590 (10000ms, valid=true)
[inst 58/100 | run 2/5] 12I3 -> profit=4589 (10000ms, valid=true)
[inst 58/100 | run 3/5] 12I3 -> profit=4592 (10000ms, valid=true)
[inst 58/100 | run 4/5] 12I3 -> profit=4576 (10000ms, valid=true)
[inst 58/100 | run 5/5] 12I3 -> profit=4617 (10000ms, valid=true)
[inst 59/100 | run 1/5] 12I4 -> profit=4578 (10000ms, valid=true)
[inst 59/100 | run 2/5] 12I4 -> profit=4600 (10000ms, valid=true)
[inst 59/100 | run 3/5] 12I4 -> profit=4598 (10000ms, valid=true)
[inst 59/100 | run 4/5] 12I4 -> profit=4570 (10000ms, valid=true)
[inst 59/100 | run 5/5] 12I4 -> profit=4590 (10000ms, valid=true)
[inst 60/100 | run 1/5] 12I5 -> profit=4557 (10000ms, valid=true)
[inst 60/100 | run 2/5] 12I5 -> profit=4580 (10000ms, valid=true)
[inst 60/100 | run 3/5] 12I5 -> profit=4570 (10000ms, valid=true)
[inst 60/100 | run 4/5] 12I5 -> profit=4570 (10000ms, valid=true)
[inst 60/100 | run 5/5] 12I5 -> profit=4590 (10000ms, valid=true)
[inst 61/100 | run 1/5] 13I1 -> profit=4459 (10000ms, valid=true)
[inst 61/100 | run 2/5] 13I1 -> profit=4450 (10000ms, valid=true)
[inst 61/100 | run 3/5] 13I1 -> profit=4430 (10000ms, valid=true)
[inst 61/100 | run 4/5] 13I1 -> profit=4441 (10000ms, valid=true)
[inst 61/100 | run 5/5] 13I1 -> profit=4430 (10000ms, valid=true)
[inst 62/100 | run 1/5] 13I2 -> profit=4460 (10000ms, valid=true)
[inst 62/100 | run 2/5] 13I2 -> profit=4470 (10000ms, valid=true)
[inst 62/100 | run 3/5] 13I2 -> profit=4437 (10000ms, valid=true)
[inst 62/100 | run 4/5] 13I2 -> profit=4430 (10000ms, valid=true)
[inst 62/100 | run 5/5] 13I2 -> profit=4440 (10000ms, valid=true)
[inst 63/100 | run 1/5] 13I3 -> profit=4450 (10000ms, valid=true)
[inst 63/100 | run 2/5] 13I3 -> profit=4460 (10000ms, valid=true)
[inst 63/100 | run 3/5] 13I3 -> profit=4456 (10000ms, valid=true)
[inst 63/100 | run 4/5] 13I3 -> profit=4448 (10000ms, valid=true)
[inst 63/100 | run 5/5] 13I3 -> profit=4480 (10000ms, valid=true)
[inst 64/100 | run 1/5] 13I4 -> profit=4436 (10000ms, valid=true)
[inst 64/100 | run 2/5] 13I4 -> profit=4469 (10000ms, valid=true)
[inst 64/100 | run 3/5] 13I4 -> profit=4449 (10000ms, valid=true)
[inst 64/100 | run 4/5] 13I4 -> profit=4460 (10000ms, valid=true)
[inst 64/100 | run 5/5] 13I4 -> profit=4455 (10000ms, valid=true)
[inst 65/100 | run 1/5] 13I5 -> profit=4440 (10000ms, valid=true)
[inst 65/100 | run 2/5] 13I5 -> profit=4470 (10000ms, valid=true)
[inst 65/100 | run 3/5] 13I5 -> profit=4445 (10000ms, valid=true)
[inst 65/100 | run 4/5] 13I5 -> profit=4449 (10000ms, valid=true)
[inst 65/100 | run 5/5] 13I5 -> profit=4460 (10000ms, valid=true)
[inst 66/100 | run 1/5] 14I1 -> profit=4379 (10000ms, valid=true)
[inst 66/100 | run 2/5] 14I1 -> profit=4383 (10000ms, valid=true)
[inst 66/100 | run 3/5] 14I1 -> profit=4370 (10000ms, valid=true)
[inst 66/100 | run 4/5] 14I1 -> profit=4370 (10000ms, valid=true)
[inst 66/100 | run 5/5] 14I1 -> profit=4386 (10000ms, valid=true)
[inst 67/100 | run 1/5] 14I2 -> profit=4370 (10000ms, valid=true)
[inst 67/100 | run 2/5] 14I2 -> profit=4370 (10000ms, valid=true)
[inst 67/100 | run 3/5] 14I2 -> profit=4350 (10000ms, valid=true)
[inst 67/100 | run 4/5] 14I2 -> profit=4380 (10000ms, valid=true)
[inst 67/100 | run 5/5] 14I2 -> profit=4387 (10000ms, valid=true)
[inst 68/100 | run 1/5] 14I3 -> profit=4390 (10000ms, valid=true)
[inst 68/100 | run 2/5] 14I3 -> profit=4388 (10000ms, valid=true)
[inst 68/100 | run 3/5] 14I3 -> profit=4390 (10000ms, valid=true)
[inst 68/100 | run 4/5] 14I3 -> profit=4380 (10000ms, valid=true)
[inst 68/100 | run 5/5] 14I3 -> profit=4360 (10000ms, valid=true)
[inst 69/100 | run 1/5] 14I4 -> profit=4358 (10000ms, valid=true)
[inst 69/100 | run 2/5] 14I4 -> profit=4368 (10000ms, valid=true)
[inst 69/100 | run 3/5] 14I4 -> profit=4358 (10000ms, valid=true)
[inst 69/100 | run 4/5] 14I4 -> profit=4369 (10000ms, valid=true)
[inst 69/100 | run 5/5] 14I4 -> profit=4388 (10000ms, valid=true)
[inst 70/100 | run 1/5] 14I5 -> profit=4379 (10000ms, valid=true)
[inst 70/100 | run 2/5] 14I5 -> profit=4366 (10000ms, valid=true)
[inst 70/100 | run 3/5] 14I5 -> profit=4385 (10000ms, valid=true)
[inst 70/100 | run 4/5] 14I5 -> profit=4377 (10000ms, valid=true)
[inst 70/100 | run 5/5] 14I5 -> profit=4368 (10000ms, valid=true)
[inst 71/100 | run 1/5] 15I1 -> profit=4310 (10000ms, valid=true)
[inst 71/100 | run 2/5] 15I1 -> profit=4300 (10000ms, valid=true)
[inst 71/100 | run 3/5] 15I1 -> profit=4320 (10000ms, valid=true)
[inst 71/100 | run 4/5] 15I1 -> profit=4300 (10000ms, valid=true)
[inst 71/100 | run 5/5] 15I1 -> profit=4310 (10000ms, valid=true)
[inst 72/100 | run 1/5] 15I2 -> profit=4310 (10000ms, valid=true)
[inst 72/100 | run 2/5] 15I2 -> profit=4320 (10000ms, valid=true)
[inst 72/100 | run 3/5] 15I2 -> profit=4318 (10000ms, valid=true)
[inst 72/100 | run 4/5] 15I2 -> profit=4320 (10000ms, valid=true)
[inst 72/100 | run 5/5] 15I2 -> profit=4299 (10000ms, valid=true)
[inst 73/100 | run 1/5] 15I3 -> profit=4320 (10000ms, valid=true)
[inst 73/100 | run 2/5] 15I3 -> profit=4299 (10000ms, valid=true)
[inst 73/100 | run 3/5] 15I3 -> profit=4302 (10000ms, valid=true)
[inst 73/100 | run 4/5] 15I3 -> profit=4330 (10000ms, valid=true)
[inst 73/100 | run 5/5] 15I3 -> profit=4310 (10000ms, valid=true)
[inst 74/100 | run 1/5] 15I4 -> profit=4329 (10000ms, valid=true)
[inst 74/100 | run 2/5] 15I4 -> profit=4328 (10000ms, valid=true)
[inst 74/100 | run 3/5] 15I4 -> profit=4310 (10000ms, valid=true)
[inst 74/100 | run 4/5] 15I4 -> profit=4308 (10000ms, valid=true)
[inst 74/100 | run 5/5] 15I4 -> profit=4320 (10000ms, valid=true)
[inst 75/100 | run 1/5] 15I5 -> profit=4332 (10000ms, valid=true)
[inst 75/100 | run 2/5] 15I5 -> profit=4319 (10000ms, valid=true)
[inst 75/100 | run 3/5] 15I5 -> profit=4318 (10000ms, valid=true)
[inst 75/100 | run 4/5] 15I5 -> profit=4312 (10000ms, valid=true)
[inst 75/100 | run 5/5] 15I5 -> profit=4324 (10000ms, valid=true)
[inst 76/100 | run 1/5] 16I1 -> profit=4895 (10000ms, valid=true)
[inst 76/100 | run 2/5] 16I1 -> profit=4886 (10000ms, valid=true)
[inst 76/100 | run 3/5] 16I1 -> profit=4899 (10000ms, valid=true)
[inst 76/100 | run 4/5] 16I1 -> profit=4890 (10000ms, valid=true)
[inst 76/100 | run 5/5] 16I1 -> profit=4890 (10000ms, valid=true)
[inst 77/100 | run 1/5] 16I2 -> profit=4869 (10000ms, valid=true)
[inst 77/100 | run 2/5] 16I2 -> profit=4859 (10000ms, valid=true)
[inst 77/100 | run 3/5] 16I2 -> profit=4860 (10000ms, valid=true)
[inst 77/100 | run 4/5] 16I2 -> profit=4880 (10000ms, valid=true)
[inst 77/100 | run 5/5] 16I2 -> profit=4870 (10000ms, valid=true)
[inst 78/100 | run 1/5] 16I3 -> profit=4870 (10000ms, valid=true)
[inst 78/100 | run 2/5] 16I3 -> profit=4860 (10000ms, valid=true)
[inst 78/100 | run 3/5] 16I3 -> profit=4869 (10000ms, valid=true)
[inst 78/100 | run 4/5] 16I3 -> profit=4870 (10000ms, valid=true)
[inst 78/100 | run 5/5] 16I3 -> profit=4880 (10000ms, valid=true)
[inst 79/100 | run 1/5] 16I4 -> profit=4900 (10000ms, valid=true)
[inst 79/100 | run 2/5] 16I4 -> profit=4910 (10000ms, valid=true)
[inst 79/100 | run 3/5] 16I4 -> profit=4907 (10000ms, valid=true)
[inst 79/100 | run 4/5] 16I4 -> profit=4890 (10000ms, valid=true)
[inst 79/100 | run 5/5] 16I4 -> profit=4890 (10000ms, valid=true)
[inst 80/100 | run 1/5] 16I5 -> profit=4919 (10000ms, valid=true)
[inst 80/100 | run 2/5] 16I5 -> profit=4900 (10000ms, valid=true)
[inst 80/100 | run 3/5] 16I5 -> profit=4910 (10000ms, valid=true)
[inst 80/100 | run 4/5] 16I5 -> profit=4900 (10000ms, valid=true)
[inst 80/100 | run 5/5] 16I5 -> profit=4920 (10000ms, valid=true)
[inst 81/100 | run 1/5] 17I1 -> profit=4600 (10000ms, valid=true)
[inst 81/100 | run 2/5] 17I1 -> profit=4580 (10000ms, valid=true)
[inst 81/100 | run 3/5] 17I1 -> profit=4597 (10000ms, valid=true)
[inst 81/100 | run 4/5] 17I1 -> profit=4590 (10000ms, valid=true)
[inst 81/100 | run 5/5] 17I1 -> profit=4600 (10000ms, valid=true)
[inst 82/100 | run 1/5] 17I2 -> profit=4600 (10000ms, valid=true)
[inst 82/100 | run 2/5] 17I2 -> profit=4600 (10000ms, valid=true)
[inst 82/100 | run 3/5] 17I2 -> profit=4599 (10000ms, valid=true)
[inst 82/100 | run 4/5] 17I2 -> profit=4598 (10000ms, valid=true)
[inst 82/100 | run 5/5] 17I2 -> profit=4588 (10000ms, valid=true)
[inst 83/100 | run 1/5] 17I3 -> profit=4594 (10000ms, valid=true)
[inst 83/100 | run 2/5] 17I3 -> profit=4600 (10003ms, valid=true)
[inst 83/100 | run 3/5] 17I3 -> profit=4605 (10000ms, valid=true)
[inst 83/100 | run 4/5] 17I3 -> profit=4590 (10001ms, valid=true)
[inst 83/100 | run 5/5] 17I3 -> profit=4593 (10025ms, valid=true)
[inst 84/100 | run 1/5] 17I4 -> profit=4589 (10000ms, valid=true)
[inst 84/100 | run 2/5] 17I4 -> profit=4600 (10000ms, valid=true)
[inst 84/100 | run 3/5] 17I4 -> profit=4630 (10000ms, valid=true)
[inst 84/100 | run 4/5] 17I4 -> profit=4610 (10000ms, valid=true)
[inst 84/100 | run 5/5] 17I4 -> profit=4600 (10000ms, valid=true)
[inst 85/100 | run 1/5] 17I5 -> profit=4607 (10000ms, valid=true)
[inst 85/100 | run 2/5] 17I5 -> profit=4620 (10000ms, valid=true)
[inst 85/100 | run 3/5] 17I5 -> profit=4628 (10000ms, valid=true)
[inst 85/100 | run 4/5] 17I5 -> profit=4619 (10000ms, valid=true)
[inst 85/100 | run 5/5] 17I5 -> profit=4620 (10000ms, valid=true)
[inst 86/100 | run 1/5] 18I1 -> profit=4459 (10000ms, valid=true)
[inst 86/100 | run 2/5] 18I1 -> profit=4460 (10000ms, valid=true)
[inst 86/100 | run 3/5] 18I1 -> profit=4461 (10000ms, valid=true)
[inst 86/100 | run 4/5] 18I1 -> profit=4479 (10000ms, valid=true)
[inst 86/100 | run 5/5] 18I1 -> profit=4490 (10000ms, valid=true)
[inst 87/100 | run 1/5] 18I2 -> profit=4490 (10000ms, valid=true)
[inst 87/100 | run 2/5] 18I2 -> profit=4480 (10000ms, valid=true)
[inst 87/100 | run 3/5] 18I2 -> profit=4490 (10000ms, valid=true)
[inst 87/100 | run 4/5] 18I2 -> profit=4486 (10000ms, valid=true)
[inst 87/100 | run 5/5] 18I2 -> profit=4479 (10000ms, valid=true)
[inst 88/100 | run 1/5] 18I3 -> profit=4486 (10000ms, valid=true)
[inst 88/100 | run 2/5] 18I3 -> profit=4470 (10000ms, valid=true)
[inst 88/100 | run 3/5] 18I3 -> profit=4459 (10000ms, valid=true)
[inst 88/100 | run 4/5] 18I3 -> profit=4489 (10000ms, valid=true)
[inst 88/100 | run 5/5] 18I3 -> profit=4460 (10000ms, valid=true)
[inst 89/100 | run 1/5] 18I4 -> profit=4469 (10000ms, valid=true)
[inst 89/100 | run 2/5] 18I4 -> profit=4498 (10000ms, valid=true)
[inst 89/100 | run 3/5] 18I4 -> profit=4470 (10000ms, valid=true)
[inst 89/100 | run 4/5] 18I4 -> profit=4460 (10000ms, valid=true)
[inst 89/100 | run 5/5] 18I4 -> profit=4496 (10000ms, valid=true)
[inst 90/100 | run 1/5] 18I5 -> profit=4480 (10000ms, valid=true)
[inst 90/100 | run 2/5] 18I5 -> profit=4470 (10000ms, valid=true)
[inst 90/100 | run 3/5] 18I5 -> profit=4485 (10000ms, valid=true)
[inst 90/100 | run 4/5] 18I5 -> profit=4479 (10000ms, valid=true)
[inst 90/100 | run 5/5] 18I5 -> profit=4466 (10000ms, valid=true)
[inst 91/100 | run 1/5] 19I1 -> profit=4390 (10000ms, valid=true)
[inst 91/100 | run 2/5] 19I1 -> profit=4390 (10000ms, valid=true)
[inst 91/100 | run 3/5] 19I1 -> profit=4370 (10000ms, valid=true)
[inst 91/100 | run 4/5] 19I1 -> profit=4388 (10000ms, valid=true)
[inst 91/100 | run 5/5] 19I1 -> profit=4380 (10000ms, valid=true)
[inst 92/100 | run 1/5] 19I2 -> profit=4380 (10000ms, valid=true)
[inst 92/100 | run 2/5] 19I2 -> profit=4380 (10000ms, valid=true)
[inst 92/100 | run 3/5] 19I2 -> profit=4389 (10000ms, valid=true)
[inst 92/100 | run 4/5] 19I2 -> profit=4398 (10000ms, valid=true)
[inst 92/100 | run 5/5] 19I2 -> profit=4389 (10000ms, valid=true)
[inst 93/100 | run 1/5] 19I3 -> profit=4379 (10000ms, valid=true)
[inst 93/100 | run 2/5] 19I3 -> profit=4390 (10000ms, valid=true)
[inst 93/100 | run 3/5] 19I3 -> profit=4390 (10000ms, valid=true)
[inst 93/100 | run 4/5] 19I3 -> profit=4380 (10000ms, valid=true)
[inst 93/100 | run 5/5] 19I3 -> profit=4398 (10000ms, valid=true)
[inst 94/100 | run 1/5] 19I4 -> profit=4392 (10000ms, valid=true)
[inst 94/100 | run 2/5] 19I4 -> profit=4387 (10000ms, valid=true)
[inst 94/100 | run 3/5] 19I4 -> profit=4389 (10000ms, valid=true)
[inst 94/100 | run 4/5] 19I4 -> profit=4390 (10000ms, valid=true)
[inst 94/100 | run 5/5] 19I4 -> profit=4383 (10000ms, valid=true)
[inst 95/100 | run 1/5] 19I5 -> profit=4370 (10000ms, valid=true)
[inst 95/100 | run 2/5] 19I5 -> profit=4380 (10000ms, valid=true)
[inst 95/100 | run 3/5] 19I5 -> profit=4380 (10000ms, valid=true)
[inst 95/100 | run 4/5] 19I5 -> profit=4397 (10000ms, valid=true)
[inst 95/100 | run 5/5] 19I5 -> profit=4388 (10000ms, valid=true)
[inst 96/100 | run 1/5] 20I1 -> profit=4320 (10000ms, valid=true)
[inst 96/100 | run 2/5] 20I1 -> profit=4310 (10000ms, valid=true)
[inst 96/100 | run 3/5] 20I1 -> profit=4330 (10000ms, valid=true)
[inst 96/100 | run 4/5] 20I1 -> profit=4340 (10000ms, valid=true)
[inst 96/100 | run 5/5] 20I1 -> profit=4330 (10000ms, valid=true)
[inst 97/100 | run 1/5] 20I2 -> profit=4310 (10000ms, valid=true)
[inst 97/100 | run 2/5] 20I2 -> profit=4310 (10000ms, valid=true)
[inst 97/100 | run 3/5] 20I2 -> profit=4320 (10000ms, valid=true)
[inst 97/100 | run 4/5] 20I2 -> profit=4320 (10000ms, valid=true)
[inst 97/100 | run 5/5] 20I2 -> profit=4330 (10000ms, valid=true)
[inst 98/100 | run 1/5] 20I3 -> profit=4323 (10000ms, valid=true)
[inst 98/100 | run 2/5] 20I3 -> profit=4314 (10000ms, valid=true)
[inst 98/100 | run 3/5] 20I3 -> profit=4320 (10000ms, valid=true)
[inst 98/100 | run 4/5] 20I3 -> profit=4333 (10000ms, valid=true)
[inst 98/100 | run 5/5] 20I3 -> profit=4320 (10000ms, valid=true)
[inst 99/100 | run 1/5] 20I4 -> profit=4330 (10000ms, valid=true)
[inst 99/100 | run 2/5] 20I4 -> profit=4309 (10000ms, valid=true)
[inst 99/100 | run 3/5] 20I4 -> profit=4320 (10000ms, valid=true)
[inst 99/100 | run 4/5] 20I4 -> profit=4310 (10000ms, valid=true)
[inst 99/100 | run 5/5] 20I4 -> profit=4329 (10000ms, valid=true)
[inst 100/100 | run 1/5] 20I5 -> profit=4320 (10000ms, valid=true)
[inst 100/100 | run 2/5] 20I5 -> profit=4320 (10000ms, valid=true)
[inst 100/100 | run 3/5] 20I5 -> profit=4319 (10000ms, valid=true)
[inst 100/100 | run 4/5] 20I5 -> profit=4320 (10000ms, valid=true)
[inst 100/100 | run 5/5] 20I5 -> profit=4330 (10000ms, valid=true)

=== Group 1 (1I1-10I5) ===
  best_profit : 2790
  mean_profit : 2286.68
  median      : 2560.00
  stddev      : 533.48
  mean_time_ms: 10000.00
=== Group 2 (11I1-20I5) ===
  best_profit : 4920
  mean_profit : 4524.63
  median      : 4460.00
  stddev      : 195.58
  mean_time_ms: 10000.12
=== Overall ===
  best_profit : 4920
  mean_profit : 3405.66
  median      : 3544.50
  stddev      : 1189.84
  mean_time_ms: 10000.06
  invalid     : 0

CSV written to: /mnt/c/Users/thall/Documents/dckp-sbpo/results/results_ILS_20260420_164334.csv
