nohup: ignoring input
>>> Building unified WSL target in build/ ...
cmake -S . -B build -G "Ninja" -DCMAKE_BUILD_TYPE=Release -DDCKP_ENABLE_SANITIZERS=OFF -DDCKP_ENABLE_HARDENING=ON 
-- Configuring done (0.8s)
-- Generating done (0.2s)
-- Build files have been written to: /mnt/c/Users/thall/Documents/dckp-sbpo/build
cmake --build build --parallel
ninja: no work to do.
[inst 1/100 | run 1/5] 10I1 -> profit=2504 (194ms, valid=true)
[inst 1/100 | run 2/5] 10I1 -> profit=2504 (163ms, valid=true)
[inst 1/100 | run 3/5] 10I1 -> profit=2504 (167ms, valid=true)
[inst 1/100 | run 4/5] 10I1 -> profit=2504 (186ms, valid=true)
[inst 1/100 | run 5/5] 10I1 -> profit=2504 (166ms, valid=true)
[inst 2/100 | run 1/5] 10I2 -> profit=2497 (165ms, valid=true)
[inst 2/100 | run 2/5] 10I2 -> profit=2497 (171ms, valid=true)
[inst 2/100 | run 3/5] 10I2 -> profit=2497 (166ms, valid=true)
[inst 2/100 | run 4/5] 10I2 -> profit=2497 (165ms, valid=true)
[inst 2/100 | run 5/5] 10I2 -> profit=2497 (163ms, valid=true)
[inst 3/100 | run 1/5] 10I3 -> profit=2470 (115ms, valid=true)
[inst 3/100 | run 2/5] 10I3 -> profit=2470 (115ms, valid=true)
[inst 3/100 | run 3/5] 10I3 -> profit=2470 (147ms, valid=true)
[inst 3/100 | run 4/5] 10I3 -> profit=2470 (116ms, valid=true)
[inst 3/100 | run 5/5] 10I3 -> profit=2470 (118ms, valid=true)
[inst 4/100 | run 1/5] 10I4 -> profit=2450 (133ms, valid=true)
[inst 4/100 | run 2/5] 10I4 -> profit=2450 (102ms, valid=true)
[inst 4/100 | run 3/5] 10I4 -> profit=2450 (103ms, valid=true)
[inst 4/100 | run 4/5] 10I4 -> profit=2450 (104ms, valid=true)
[inst 4/100 | run 5/5] 10I4 -> profit=2450 (102ms, valid=true)
[inst 5/100 | run 1/5] 10I5 -> profit=2509 (231ms, valid=true)
[inst 5/100 | run 2/5] 10I5 -> profit=2509 (176ms, valid=true)
[inst 5/100 | run 3/5] 10I5 -> profit=2509 (176ms, valid=true)
[inst 5/100 | run 4/5] 10I5 -> profit=2509 (226ms, valid=true)
[inst 5/100 | run 5/5] 10I5 -> profit=2509 (177ms, valid=true)
[inst 6/100 | run 1/5] 1I1 -> profit=2213 (27ms, valid=true)
[inst 6/100 | run 2/5] 1I1 -> profit=2213 (27ms, valid=true)
[inst 6/100 | run 3/5] 1I1 -> profit=2213 (27ms, valid=true)
[inst 6/100 | run 4/5] 1I1 -> profit=2213 (26ms, valid=true)
[inst 6/100 | run 5/5] 1I1 -> profit=2213 (26ms, valid=true)
[inst 7/100 | run 1/5] 1I2 -> profit=2330 (41ms, valid=true)
[inst 7/100 | run 2/5] 1I2 -> profit=2330 (42ms, valid=true)
[inst 7/100 | run 3/5] 1I2 -> profit=2330 (42ms, valid=true)
[inst 7/100 | run 4/5] 1I2 -> profit=2330 (42ms, valid=true)
[inst 7/100 | run 5/5] 1I2 -> profit=2330 (42ms, valid=true)
[inst 8/100 | run 1/5] 1I3 -> profit=2227 (40ms, valid=true)
[inst 8/100 | run 2/5] 1I3 -> profit=2227 (37ms, valid=true)
[inst 8/100 | run 3/5] 1I3 -> profit=2227 (36ms, valid=true)
[inst 8/100 | run 4/5] 1I3 -> profit=2227 (36ms, valid=true)
[inst 8/100 | run 5/5] 1I3 -> profit=2227 (37ms, valid=true)
[inst 9/100 | run 1/5] 1I4 -> profit=2224 (42ms, valid=true)
[inst 9/100 | run 2/5] 1I4 -> profit=2224 (43ms, valid=true)
[inst 9/100 | run 3/5] 1I4 -> profit=2224 (43ms, valid=true)
[inst 9/100 | run 4/5] 1I4 -> profit=2224 (43ms, valid=true)
[inst 9/100 | run 5/5] 1I4 -> profit=2224 (44ms, valid=true)
[inst 10/100 | run 1/5] 1I5 -> profit=2214 (39ms, valid=true)
[inst 10/100 | run 2/5] 1I5 -> profit=2214 (39ms, valid=true)
[inst 10/100 | run 3/5] 1I5 -> profit=2214 (39ms, valid=true)
[inst 10/100 | run 4/5] 1I5 -> profit=2214 (40ms, valid=true)
[inst 10/100 | run 5/5] 1I5 -> profit=2214 (40ms, valid=true)
[inst 11/100 | run 1/5] 2I1 -> profit=1835 (1ms, valid=true)
[inst 11/100 | run 2/5] 2I1 -> profit=1835 (1ms, valid=true)
[inst 11/100 | run 3/5] 2I1 -> profit=1835 (1ms, valid=true)
[inst 11/100 | run 4/5] 2I1 -> profit=1835 (1ms, valid=true)
[inst 11/100 | run 5/5] 2I1 -> profit=1835 (1ms, valid=true)
[inst 12/100 | run 1/5] 2I2 -> profit=1947 (1ms, valid=true)
[inst 12/100 | run 2/5] 2I2 -> profit=1947 (1ms, valid=true)
[inst 12/100 | run 3/5] 2I2 -> profit=1947 (1ms, valid=true)
[inst 12/100 | run 4/5] 2I2 -> profit=1947 (1ms, valid=true)
[inst 12/100 | run 5/5] 2I2 -> profit=1947 (1ms, valid=true)
[inst 13/100 | run 1/5] 2I3 -> profit=1925 (1ms, valid=true)
[inst 13/100 | run 2/5] 2I3 -> profit=1925 (2ms, valid=true)
[inst 13/100 | run 3/5] 2I3 -> profit=1925 (1ms, valid=true)
[inst 13/100 | run 4/5] 2I3 -> profit=1925 (1ms, valid=true)
[inst 13/100 | run 5/5] 2I3 -> profit=1925 (1ms, valid=true)
[inst 14/100 | run 1/5] 2I4 -> profit=1985 (1ms, valid=true)
[inst 14/100 | run 2/5] 2I4 -> profit=1985 (1ms, valid=true)
[inst 14/100 | run 3/5] 2I4 -> profit=1985 (1ms, valid=true)
[inst 14/100 | run 4/5] 2I4 -> profit=1985 (1ms, valid=true)
[inst 14/100 | run 5/5] 2I4 -> profit=1985 (1ms, valid=true)
[inst 15/100 | run 1/5] 2I5 -> profit=2029 (1ms, valid=true)
[inst 15/100 | run 2/5] 2I5 -> profit=2029 (1ms, valid=true)
[inst 15/100 | run 3/5] 2I5 -> profit=2029 (1ms, valid=true)
[inst 15/100 | run 4/5] 2I5 -> profit=2029 (1ms, valid=true)
[inst 15/100 | run 5/5] 2I5 -> profit=2029 (1ms, valid=true)
[inst 16/100 | run 1/5] 3I1 -> profit=1533 (1ms, valid=true)
[inst 16/100 | run 2/5] 3I1 -> profit=1533 (1ms, valid=true)
[inst 16/100 | run 3/5] 3I1 -> profit=1533 (1ms, valid=true)
[inst 16/100 | run 4/5] 3I1 -> profit=1533 (1ms, valid=true)
[inst 16/100 | run 5/5] 3I1 -> profit=1533 (1ms, valid=true)
[inst 17/100 | run 1/5] 3I2 -> profit=1577 (1ms, valid=true)
[inst 17/100 | run 2/5] 3I2 -> profit=1577 (1ms, valid=true)
[inst 17/100 | run 3/5] 3I2 -> profit=1577 (1ms, valid=true)
[inst 17/100 | run 4/5] 3I2 -> profit=1577 (1ms, valid=true)
[inst 17/100 | run 5/5] 3I2 -> profit=1577 (1ms, valid=true)
[inst 18/100 | run 1/5] 3I3 -> profit=1611 (1ms, valid=true)
[inst 18/100 | run 2/5] 3I3 -> profit=1611 (1ms, valid=true)
[inst 18/100 | run 3/5] 3I3 -> profit=1611 (1ms, valid=true)
[inst 18/100 | run 4/5] 3I3 -> profit=1611 (1ms, valid=true)
[inst 18/100 | run 5/5] 3I3 -> profit=1611 (1ms, valid=true)
[inst 19/100 | run 1/5] 3I4 -> profit=1577 (1ms, valid=true)
[inst 19/100 | run 2/5] 3I4 -> profit=1577 (1ms, valid=true)
[inst 19/100 | run 3/5] 3I4 -> profit=1577 (1ms, valid=true)
[inst 19/100 | run 4/5] 3I4 -> profit=1577 (1ms, valid=true)
[inst 19/100 | run 5/5] 3I4 -> profit=1577 (1ms, valid=true)
[inst 20/100 | run 1/5] 3I5 -> profit=1449 (1ms, valid=true)
[inst 20/100 | run 2/5] 3I5 -> profit=1449 (2ms, valid=true)
[inst 20/100 | run 3/5] 3I5 -> profit=1449 (1ms, valid=true)
[inst 20/100 | run 4/5] 3I5 -> profit=1449 (1ms, valid=true)
[inst 20/100 | run 5/5] 3I5 -> profit=1449 (1ms, valid=true)
[inst 21/100 | run 1/5] 4I1 -> profit=981 (0ms, valid=true)
[inst 21/100 | run 2/5] 4I1 -> profit=981 (0ms, valid=true)
[inst 21/100 | run 3/5] 4I1 -> profit=981 (0ms, valid=true)
[inst 21/100 | run 4/5] 4I1 -> profit=981 (0ms, valid=true)
[inst 21/100 | run 5/5] 4I1 -> profit=981 (0ms, valid=true)
[inst 22/100 | run 1/5] 4I2 -> profit=1118 (0ms, valid=true)
[inst 22/100 | run 2/5] 4I2 -> profit=1118 (0ms, valid=true)
[inst 22/100 | run 3/5] 4I2 -> profit=1118 (0ms, valid=true)
[inst 22/100 | run 4/5] 4I2 -> profit=1118 (0ms, valid=true)
[inst 22/100 | run 5/5] 4I2 -> profit=1118 (0ms, valid=true)
[inst 23/100 | run 1/5] 4I3 -> profit=1129 (0ms, valid=true)
[inst 23/100 | run 2/5] 4I3 -> profit=1129 (0ms, valid=true)
[inst 23/100 | run 3/5] 4I3 -> profit=1129 (0ms, valid=true)
[inst 23/100 | run 4/5] 4I3 -> profit=1129 (0ms, valid=true)
[inst 23/100 | run 5/5] 4I3 -> profit=1129 (1ms, valid=true)
[inst 24/100 | run 1/5] 4I4 -> profit=1209 (0ms, valid=true)
[inst 24/100 | run 2/5] 4I4 -> profit=1209 (0ms, valid=true)
[inst 24/100 | run 3/5] 4I4 -> profit=1209 (0ms, valid=true)
[inst 24/100 | run 4/5] 4I4 -> profit=1209 (0ms, valid=true)
[inst 24/100 | run 5/5] 4I4 -> profit=1209 (0ms, valid=true)
[inst 25/100 | run 1/5] 4I5 -> profit=957 (1ms, valid=true)
[inst 25/100 | run 2/5] 4I5 -> profit=957 (1ms, valid=true)
[inst 25/100 | run 3/5] 4I5 -> profit=957 (1ms, valid=true)
[inst 25/100 | run 4/5] 4I5 -> profit=957 (1ms, valid=true)
[inst 25/100 | run 5/5] 4I5 -> profit=957 (1ms, valid=true)
[inst 26/100 | run 1/5] 5I1 -> profit=2559 (919ms, valid=true)
[inst 26/100 | run 2/5] 5I1 -> profit=2559 (951ms, valid=true)
[inst 26/100 | run 3/5] 5I1 -> profit=2559 (876ms, valid=true)
[inst 26/100 | run 4/5] 5I1 -> profit=2559 (922ms, valid=true)
[inst 26/100 | run 5/5] 5I1 -> profit=2559 (874ms, valid=true)
[inst 27/100 | run 1/5] 5I2 -> profit=2540 (819ms, valid=true)
[inst 27/100 | run 2/5] 5I2 -> profit=2540 (773ms, valid=true)
[inst 27/100 | run 3/5] 5I2 -> profit=2540 (816ms, valid=true)
[inst 27/100 | run 4/5] 5I2 -> profit=2540 (857ms, valid=true)
[inst 27/100 | run 5/5] 5I2 -> profit=2540 (775ms, valid=true)
[inst 28/100 | run 1/5] 5I3 -> profit=2580 (980ms, valid=true)
[inst 28/100 | run 2/5] 5I3 -> profit=2580 (953ms, valid=true)
[inst 28/100 | run 3/5] 5I3 -> profit=2580 (942ms, valid=true)
[inst 28/100 | run 4/5] 5I3 -> profit=2580 (978ms, valid=true)
[inst 28/100 | run 5/5] 5I3 -> profit=2580 (945ms, valid=true)
[inst 29/100 | run 1/5] 5I4 -> profit=2560 (1051ms, valid=true)
[inst 29/100 | run 2/5] 5I4 -> profit=2560 (897ms, valid=true)
[inst 29/100 | run 3/5] 5I4 -> profit=2560 (937ms, valid=true)
[inst 29/100 | run 4/5] 5I4 -> profit=2560 (982ms, valid=true)
[inst 29/100 | run 5/5] 5I4 -> profit=2560 (897ms, valid=true)
[inst 30/100 | run 1/5] 5I5 -> profit=2600 (1025ms, valid=true)
[inst 30/100 | run 2/5] 5I5 -> profit=2600 (1023ms, valid=true)
[inst 30/100 | run 3/5] 5I5 -> profit=2600 (1031ms, valid=true)
[inst 30/100 | run 4/5] 5I5 -> profit=2600 (1119ms, valid=true)
[inst 30/100 | run 5/5] 5I5 -> profit=2600 (1031ms, valid=true)
[inst 31/100 | run 1/5] 6I1 -> profit=2700 (632ms, valid=true)
[inst 31/100 | run 2/5] 6I1 -> profit=2700 (623ms, valid=true)
[inst 31/100 | run 3/5] 6I1 -> profit=2700 (626ms, valid=true)
[inst 31/100 | run 4/5] 6I1 -> profit=2700 (629ms, valid=true)
[inst 31/100 | run 5/5] 6I1 -> profit=2700 (627ms, valid=true)
[inst 32/100 | run 1/5] 6I2 -> profit=2710 (637ms, valid=true)
[inst 32/100 | run 2/5] 6I2 -> profit=2710 (635ms, valid=true)
[inst 32/100 | run 3/5] 6I2 -> profit=2710 (764ms, valid=true)
[inst 32/100 | run 4/5] 6I2 -> profit=2710 (738ms, valid=true)
[inst 32/100 | run 5/5] 6I2 -> profit=2710 (634ms, valid=true)
[inst 33/100 | run 1/5] 6I3 -> profit=2648 (452ms, valid=true)
[inst 33/100 | run 2/5] 6I3 -> profit=2648 (454ms, valid=true)
[inst 33/100 | run 3/5] 6I3 -> profit=2648 (451ms, valid=true)
[inst 33/100 | run 4/5] 6I3 -> profit=2648 (541ms, valid=true)
[inst 33/100 | run 5/5] 6I3 -> profit=2648 (452ms, valid=true)
[inst 34/100 | run 1/5] 6I4 -> profit=2689 (602ms, valid=true)
[inst 34/100 | run 2/5] 6I4 -> profit=2689 (603ms, valid=true)
[inst 34/100 | run 3/5] 6I4 -> profit=2689 (601ms, valid=true)
[inst 34/100 | run 4/5] 6I4 -> profit=2689 (605ms, valid=true)
[inst 34/100 | run 5/5] 6I4 -> profit=2689 (601ms, valid=true)
[inst 35/100 | run 1/5] 6I5 -> profit=2668 (554ms, valid=true)
[inst 35/100 | run 2/5] 6I5 -> profit=2668 (537ms, valid=true)
[inst 35/100 | run 3/5] 6I5 -> profit=2668 (562ms, valid=true)
[inst 35/100 | run 4/5] 6I5 -> profit=2668 (536ms, valid=true)
[inst 35/100 | run 5/5] 6I5 -> profit=2668 (566ms, valid=true)
[inst 36/100 | run 1/5] 7I1 -> profit=2600 (344ms, valid=true)
[inst 36/100 | run 2/5] 7I1 -> profit=2600 (351ms, valid=true)
[inst 36/100 | run 3/5] 7I1 -> profit=2600 (347ms, valid=true)
[inst 36/100 | run 4/5] 7I1 -> profit=2600 (346ms, valid=true)
[inst 36/100 | run 5/5] 7I1 -> profit=2600 (349ms, valid=true)
[inst 37/100 | run 1/5] 7I2 -> profit=2590 (411ms, valid=true)
[inst 37/100 | run 2/5] 7I2 -> profit=2590 (325ms, valid=true)
[inst 37/100 | run 3/5] 7I2 -> profit=2590 (326ms, valid=true)
[inst 37/100 | run 4/5] 7I2 -> profit=2590 (325ms, valid=true)
[inst 37/100 | run 5/5] 7I2 -> profit=2590 (324ms, valid=true)
[inst 38/100 | run 1/5] 7I3 -> profit=2610 (473ms, valid=true)
[inst 38/100 | run 2/5] 7I3 -> profit=2610 (380ms, valid=true)
[inst 38/100 | run 3/5] 7I3 -> profit=2610 (401ms, valid=true)
[inst 38/100 | run 4/5] 7I3 -> profit=2610 (466ms, valid=true)
[inst 38/100 | run 5/5] 7I3 -> profit=2610 (395ms, valid=true)
[inst 39/100 | run 1/5] 7I4 -> profit=2599 (315ms, valid=true)
[inst 39/100 | run 2/5] 7I4 -> profit=2599 (369ms, valid=true)
[inst 39/100 | run 3/5] 7I4 -> profit=2599 (318ms, valid=true)
[inst 39/100 | run 4/5] 7I4 -> profit=2599 (358ms, valid=true)
[inst 39/100 | run 5/5] 7I4 -> profit=2599 (377ms, valid=true)
[inst 40/100 | run 1/5] 7I5 -> profit=2618 (370ms, valid=true)
[inst 40/100 | run 2/5] 7I5 -> profit=2618 (472ms, valid=true)
[inst 40/100 | run 3/5] 7I5 -> profit=2618 (385ms, valid=true)
[inst 40/100 | run 4/5] 7I5 -> profit=2618 (367ms, valid=true)
[inst 40/100 | run 5/5] 7I5 -> profit=2618 (373ms, valid=true)
[inst 41/100 | run 1/5] 8I1 -> profit=2569 (276ms, valid=true)
[inst 41/100 | run 2/5] 8I1 -> profit=2569 (275ms, valid=true)
[inst 41/100 | run 3/5] 8I1 -> profit=2569 (273ms, valid=true)
[inst 41/100 | run 4/5] 8I1 -> profit=2569 (271ms, valid=true)
[inst 41/100 | run 5/5] 8I1 -> profit=2569 (288ms, valid=true)
[inst 42/100 | run 1/5] 8I2 -> profit=2570 (284ms, valid=true)
[inst 42/100 | run 2/5] 8I2 -> profit=2570 (282ms, valid=true)
[inst 42/100 | run 3/5] 8I2 -> profit=2570 (281ms, valid=true)
[inst 42/100 | run 4/5] 8I2 -> profit=2570 (282ms, valid=true)
[inst 42/100 | run 5/5] 8I2 -> profit=2570 (333ms, valid=true)
[inst 43/100 | run 1/5] 8I3 -> profit=2548 (225ms, valid=true)
[inst 43/100 | run 2/5] 8I3 -> profit=2548 (224ms, valid=true)
[inst 43/100 | run 3/5] 8I3 -> profit=2548 (224ms, valid=true)
[inst 43/100 | run 4/5] 8I3 -> profit=2548 (224ms, valid=true)
[inst 43/100 | run 5/5] 8I3 -> profit=2548 (223ms, valid=true)
[inst 44/100 | run 1/5] 8I4 -> profit=2538 (218ms, valid=true)
[inst 44/100 | run 2/5] 8I4 -> profit=2538 (254ms, valid=true)
[inst 44/100 | run 3/5] 8I4 -> profit=2538 (221ms, valid=true)
[inst 44/100 | run 4/5] 8I4 -> profit=2538 (223ms, valid=true)
[inst 44/100 | run 5/5] 8I4 -> profit=2538 (221ms, valid=true)
[inst 45/100 | run 1/5] 8I5 -> profit=2569 (333ms, valid=true)
[inst 45/100 | run 2/5] 8I5 -> profit=2569 (357ms, valid=true)
[inst 45/100 | run 3/5] 8I5 -> profit=2569 (290ms, valid=true)
[inst 45/100 | run 4/5] 8I5 -> profit=2569 (290ms, valid=true)
[inst 45/100 | run 5/5] 8I5 -> profit=2569 (287ms, valid=true)
[inst 46/100 | run 1/5] 9I1 -> profit=2528 (204ms, valid=true)
[inst 46/100 | run 2/5] 9I1 -> profit=2528 (206ms, valid=true)
[inst 46/100 | run 3/5] 9I1 -> profit=2528 (205ms, valid=true)
[inst 46/100 | run 4/5] 9I1 -> profit=2528 (204ms, valid=true)
[inst 46/100 | run 5/5] 9I1 -> profit=2528 (256ms, valid=true)
[inst 47/100 | run 1/5] 9I2 -> profit=2504 (182ms, valid=true)
[inst 47/100 | run 2/5] 9I2 -> profit=2504 (180ms, valid=true)
[inst 47/100 | run 3/5] 9I2 -> profit=2504 (182ms, valid=true)
[inst 47/100 | run 4/5] 9I2 -> profit=2504 (181ms, valid=true)
[inst 47/100 | run 5/5] 9I2 -> profit=2504 (182ms, valid=true)
[inst 48/100 | run 1/5] 9I3 -> profit=2530 (205ms, valid=true)
[inst 48/100 | run 2/5] 9I3 -> profit=2530 (207ms, valid=true)
[inst 48/100 | run 3/5] 9I3 -> profit=2530 (204ms, valid=true)
[inst 48/100 | run 4/5] 9I3 -> profit=2530 (204ms, valid=true)
[inst 48/100 | run 5/5] 9I3 -> profit=2530 (277ms, valid=true)
[inst 49/100 | run 1/5] 9I4 -> profit=2510 (181ms, valid=true)
[inst 49/100 | run 2/5] 9I4 -> profit=2510 (182ms, valid=true)
[inst 49/100 | run 3/5] 9I4 -> profit=2510 (186ms, valid=true)
[inst 49/100 | run 4/5] 9I4 -> profit=2510 (182ms, valid=true)
[inst 49/100 | run 5/5] 9I4 -> profit=2510 (179ms, valid=true)
[inst 50/100 | run 1/5] 9I5 -> profit=2500 (165ms, valid=true)
[inst 50/100 | run 2/5] 9I5 -> profit=2500 (160ms, valid=true)
[inst 50/100 | run 3/5] 9I5 -> profit=2500 (161ms, valid=true)
[inst 50/100 | run 4/5] 9I5 -> profit=2500 (161ms, valid=true)
[inst 50/100 | run 5/5] 9I5 -> profit=2500 (161ms, valid=true)
[inst 51/100 | run 1/5] 11I1 -> profit=4810 (3372ms, valid=true)
[inst 51/100 | run 2/5] 11I1 -> profit=4810 (3404ms, valid=true)
[inst 51/100 | run 3/5] 11I1 -> profit=4810 (3452ms, valid=true)
[inst 51/100 | run 4/5] 11I1 -> profit=4810 (3435ms, valid=true)
[inst 51/100 | run 5/5] 11I1 -> profit=4810 (3671ms, valid=true)
[inst 52/100 | run 1/5] 11I2 -> profit=4819 (3564ms, valid=true)
[inst 52/100 | run 2/5] 11I2 -> profit=4819 (3521ms, valid=true)
[inst 52/100 | run 3/5] 11I2 -> profit=4819 (3654ms, valid=true)
[inst 52/100 | run 4/5] 11I2 -> profit=4819 (3513ms, valid=true)
[inst 52/100 | run 5/5] 11I2 -> profit=4819 (3467ms, valid=true)
[inst 53/100 | run 1/5] 11I3 -> profit=4830 (3754ms, valid=true)
[inst 53/100 | run 2/5] 11I3 -> profit=4830 (4109ms, valid=true)
[inst 53/100 | run 3/5] 11I3 -> profit=4830 (4114ms, valid=true)
[inst 53/100 | run 4/5] 11I3 -> profit=4830 (4035ms, valid=true)
[inst 53/100 | run 5/5] 11I3 -> profit=4830 (4390ms, valid=true)
[inst 54/100 | run 1/5] 11I4 -> profit=4809 (3861ms, valid=true)
[inst 54/100 | run 2/5] 11I4 -> profit=4809 (3609ms, valid=true)
[inst 54/100 | run 3/5] 11I4 -> profit=4809 (3582ms, valid=true)
[inst 54/100 | run 4/5] 11I4 -> profit=4809 (3868ms, valid=true)
[inst 54/100 | run 5/5] 11I4 -> profit=4809 (3582ms, valid=true)
[inst 55/100 | run 1/5] 11I5 -> profit=4780 (3325ms, valid=true)
[inst 55/100 | run 2/5] 11I5 -> profit=4780 (3278ms, valid=true)
[inst 55/100 | run 3/5] 11I5 -> profit=4780 (3346ms, valid=true)
[inst 55/100 | run 4/5] 11I5 -> profit=4780 (3494ms, valid=true)
[inst 55/100 | run 5/5] 11I5 -> profit=4780 (3223ms, valid=true)
[inst 56/100 | run 1/5] 12I1 -> profit=4539 (941ms, valid=true)
[inst 56/100 | run 2/5] 12I1 -> profit=4539 (964ms, valid=true)
[inst 56/100 | run 3/5] 12I1 -> profit=4539 (936ms, valid=true)
[inst 56/100 | run 4/5] 12I1 -> profit=4539 (1032ms, valid=true)
[inst 56/100 | run 5/5] 12I1 -> profit=4539 (946ms, valid=true)
[inst 57/100 | run 1/5] 12I2 -> profit=4540 (961ms, valid=true)
[inst 57/100 | run 2/5] 12I2 -> profit=4540 (959ms, valid=true)
[inst 57/100 | run 3/5] 12I2 -> profit=4540 (1173ms, valid=true)
[inst 57/100 | run 4/5] 12I2 -> profit=4540 (962ms, valid=true)
[inst 57/100 | run 5/5] 12I2 -> profit=4540 (976ms, valid=true)
[inst 58/100 | run 1/5] 12I3 -> profit=4530 (934ms, valid=true)
[inst 58/100 | run 2/5] 12I3 -> profit=4530 (949ms, valid=true)
[inst 58/100 | run 3/5] 12I3 -> profit=4530 (1025ms, valid=true)
[inst 58/100 | run 4/5] 12I3 -> profit=4530 (939ms, valid=true)
[inst 58/100 | run 5/5] 12I3 -> profit=4530 (951ms, valid=true)
[inst 59/100 | run 1/5] 12I4 -> profit=4519 (889ms, valid=true)
[inst 59/100 | run 2/5] 12I4 -> profit=4519 (875ms, valid=true)
[inst 59/100 | run 3/5] 12I4 -> profit=4519 (899ms, valid=true)
[inst 59/100 | run 4/5] 12I4 -> profit=4519 (866ms, valid=true)
[inst 59/100 | run 5/5] 12I4 -> profit=4519 (863ms, valid=true)
[inst 60/100 | run 1/5] 12I5 -> profit=4529 (870ms, valid=true)
[inst 60/100 | run 2/5] 12I5 -> profit=4529 (877ms, valid=true)
[inst 60/100 | run 3/5] 12I5 -> profit=4529 (937ms, valid=true)
[inst 60/100 | run 4/5] 12I5 -> profit=4529 (963ms, valid=true)
[inst 60/100 | run 5/5] 12I5 -> profit=4529 (870ms, valid=true)
[inst 61/100 | run 1/5] 13I1 -> profit=4406 (363ms, valid=true)
[inst 61/100 | run 2/5] 13I1 -> profit=4406 (407ms, valid=true)
[inst 61/100 | run 3/5] 13I1 -> profit=4406 (385ms, valid=true)
[inst 61/100 | run 4/5] 13I1 -> profit=4406 (366ms, valid=true)
[inst 61/100 | run 5/5] 13I1 -> profit=4406 (364ms, valid=true)
[inst 62/100 | run 1/5] 13I2 -> profit=4380 (284ms, valid=true)
[inst 62/100 | run 2/5] 13I2 -> profit=4380 (287ms, valid=true)
[inst 62/100 | run 3/5] 13I2 -> profit=4380 (343ms, valid=true)
[inst 62/100 | run 4/5] 13I2 -> profit=4380 (320ms, valid=true)
[inst 62/100 | run 5/5] 13I2 -> profit=4380 (286ms, valid=true)
[inst 63/100 | run 1/5] 13I3 -> profit=4350 (226ms, valid=true)
[inst 63/100 | run 2/5] 13I3 -> profit=4350 (223ms, valid=true)
[inst 63/100 | run 3/5] 13I3 -> profit=4350 (216ms, valid=true)
[inst 63/100 | run 4/5] 13I3 -> profit=4350 (220ms, valid=true)
[inst 63/100 | run 5/5] 13I3 -> profit=4350 (219ms, valid=true)
[inst 64/100 | run 1/5] 13I4 -> profit=4388 (318ms, valid=true)
[inst 64/100 | run 2/5] 13I4 -> profit=4388 (362ms, valid=true)
[inst 64/100 | run 3/5] 13I4 -> profit=4388 (312ms, valid=true)
[inst 64/100 | run 4/5] 13I4 -> profit=4388 (317ms, valid=true)
[inst 64/100 | run 5/5] 13I4 -> profit=4388 (315ms, valid=true)
[inst 65/100 | run 1/5] 13I5 -> profit=4370 (276ms, valid=true)
[inst 65/100 | run 2/5] 13I5 -> profit=4370 (273ms, valid=true)
[inst 65/100 | run 3/5] 13I5 -> profit=4370 (274ms, valid=true)
[inst 65/100 | run 4/5] 13I5 -> profit=4370 (276ms, valid=true)
[inst 65/100 | run 5/5] 13I5 -> profit=4370 (275ms, valid=true)
[inst 66/100 | run 1/5] 14I1 -> profit=4299 (118ms, valid=true)
[inst 66/100 | run 2/5] 14I1 -> profit=4299 (122ms, valid=true)
[inst 66/100 | run 3/5] 14I1 -> profit=4299 (128ms, valid=true)
[inst 66/100 | run 4/5] 14I1 -> profit=4299 (117ms, valid=true)
[inst 66/100 | run 5/5] 14I1 -> profit=4299 (118ms, valid=true)
[inst 67/100 | run 1/5] 14I2 -> profit=4289 (104ms, valid=true)
[inst 67/100 | run 2/5] 14I2 -> profit=4289 (103ms, valid=true)
[inst 67/100 | run 3/5] 14I2 -> profit=4289 (104ms, valid=true)
[inst 67/100 | run 4/5] 14I2 -> profit=4289 (102ms, valid=true)
[inst 67/100 | run 5/5] 14I2 -> profit=4289 (102ms, valid=true)
[inst 68/100 | run 1/5] 14I3 -> profit=4314 (158ms, valid=true)
[inst 68/100 | run 2/5] 14I3 -> profit=4314 (158ms, valid=true)
[inst 68/100 | run 3/5] 14I3 -> profit=4314 (184ms, valid=true)
[inst 68/100 | run 4/5] 14I3 -> profit=4314 (160ms, valid=true)
[inst 68/100 | run 5/5] 14I3 -> profit=4314 (159ms, valid=true)
[inst 69/100 | run 1/5] 14I4 -> profit=4330 (183ms, valid=true)
[inst 69/100 | run 2/5] 14I4 -> profit=4330 (182ms, valid=true)
[inst 69/100 | run 3/5] 14I4 -> profit=4330 (193ms, valid=true)
[inst 69/100 | run 4/5] 14I4 -> profit=4330 (181ms, valid=true)
[inst 69/100 | run 5/5] 14I4 -> profit=4330 (191ms, valid=true)
[inst 70/100 | run 1/5] 14I5 -> profit=4300 (113ms, valid=true)
[inst 70/100 | run 2/5] 14I5 -> profit=4300 (111ms, valid=true)
[inst 70/100 | run 3/5] 14I5 -> profit=4300 (116ms, valid=true)
[inst 70/100 | run 4/5] 14I5 -> profit=4300 (116ms, valid=true)
[inst 70/100 | run 5/5] 14I5 -> profit=4300 (117ms, valid=true)
[inst 71/100 | run 1/5] 15I1 -> profit=4253 (72ms, valid=true)
[inst 71/100 | run 2/5] 15I1 -> profit=4253 (71ms, valid=true)
[inst 71/100 | run 3/5] 15I1 -> profit=4253 (69ms, valid=true)
[inst 71/100 | run 4/5] 15I1 -> profit=4253 (71ms, valid=true)
[inst 71/100 | run 5/5] 15I1 -> profit=4253 (69ms, valid=true)
[inst 72/100 | run 1/5] 15I2 -> profit=4259 (66ms, valid=true)
[inst 72/100 | run 2/5] 15I2 -> profit=4259 (66ms, valid=true)
[inst 72/100 | run 3/5] 15I2 -> profit=4259 (67ms, valid=true)
[inst 72/100 | run 4/5] 15I2 -> profit=4259 (66ms, valid=true)
[inst 72/100 | run 5/5] 15I2 -> profit=4259 (66ms, valid=true)
[inst 73/100 | run 1/5] 15I3 -> profit=4233 (43ms, valid=true)
[inst 73/100 | run 2/5] 15I3 -> profit=4233 (43ms, valid=true)
[inst 73/100 | run 3/5] 15I3 -> profit=4233 (43ms, valid=true)
[inst 73/100 | run 4/5] 15I3 -> profit=4233 (44ms, valid=true)
[inst 73/100 | run 5/5] 15I3 -> profit=4233 (43ms, valid=true)
[inst 74/100 | run 1/5] 15I4 -> profit=4247 (56ms, valid=true)
[inst 74/100 | run 2/5] 15I4 -> profit=4247 (56ms, valid=true)
[inst 74/100 | run 3/5] 15I4 -> profit=4247 (58ms, valid=true)
[inst 74/100 | run 4/5] 15I4 -> profit=4247 (59ms, valid=true)
[inst 74/100 | run 5/5] 15I4 -> profit=4247 (57ms, valid=true)
[inst 75/100 | run 1/5] 15I5 -> profit=4247 (57ms, valid=true)
[inst 75/100 | run 2/5] 15I5 -> profit=4247 (57ms, valid=true)
[inst 75/100 | run 3/5] 15I5 -> profit=4247 (58ms, valid=true)
[inst 75/100 | run 4/5] 15I5 -> profit=4247 (70ms, valid=true)
[inst 75/100 | run 5/5] 15I5 -> profit=4247 (57ms, valid=true)
[inst 76/100 | run 1/5] 16I1 -> profit=4870 (6164ms, valid=true)
[inst 76/100 | run 2/5] 16I1 -> profit=4870 (5992ms, valid=true)
[inst 76/100 | run 3/5] 16I1 -> profit=4870 (6056ms, valid=true)
[inst 76/100 | run 4/5] 16I1 -> profit=4870 (6024ms, valid=true)
[inst 76/100 | run 5/5] 16I1 -> profit=4870 (6098ms, valid=true)
[inst 77/100 | run 1/5] 16I2 -> profit=4838 (5730ms, valid=true)
[inst 77/100 | run 2/5] 16I2 -> profit=4838 (5657ms, valid=true)
[inst 77/100 | run 3/5] 16I2 -> profit=4838 (5735ms, valid=true)
[inst 77/100 | run 4/5] 16I2 -> profit=4838 (5488ms, valid=true)
[inst 77/100 | run 5/5] 16I2 -> profit=4838 (5740ms, valid=true)
[inst 78/100 | run 1/5] 16I3 -> profit=4860 (6210ms, valid=true)
[inst 78/100 | run 2/5] 16I3 -> profit=4860 (6384ms, valid=true)
[inst 78/100 | run 3/5] 16I3 -> profit=4860 (5991ms, valid=true)
[inst 78/100 | run 4/5] 16I3 -> profit=4860 (6326ms, valid=true)
[inst 78/100 | run 5/5] 16I3 -> profit=4860 (6264ms, valid=true)
[inst 79/100 | run 1/5] 16I4 -> profit=4890 (7077ms, valid=true)
[inst 79/100 | run 2/5] 16I4 -> profit=4890 (6910ms, valid=true)
[inst 79/100 | run 3/5] 16I4 -> profit=4890 (7238ms, valid=true)
[inst 79/100 | run 4/5] 16I4 -> profit=4890 (6801ms, valid=true)
[inst 79/100 | run 5/5] 16I4 -> profit=4890 (7225ms, valid=true)
[inst 80/100 | run 1/5] 16I5 -> profit=4890 (7066ms, valid=true)
[inst 80/100 | run 2/5] 16I5 -> profit=4890 (7143ms, valid=true)
[inst 80/100 | run 3/5] 16I5 -> profit=4890 (7217ms, valid=true)
[inst 80/100 | run 4/5] 16I5 -> profit=4890 (7087ms, valid=true)
[inst 80/100 | run 5/5] 16I5 -> profit=4890 (7097ms, valid=true)
[inst 81/100 | run 1/5] 17I1 -> profit=4524 (1330ms, valid=true)
[inst 81/100 | run 2/5] 17I1 -> profit=4524 (1313ms, valid=true)
[inst 81/100 | run 3/5] 17I1 -> profit=4524 (1363ms, valid=true)
[inst 81/100 | run 4/5] 17I1 -> profit=4524 (1406ms, valid=true)
[inst 81/100 | run 5/5] 17I1 -> profit=4524 (1408ms, valid=true)
[inst 82/100 | run 1/5] 17I2 -> profit=4559 (1568ms, valid=true)
[inst 82/100 | run 2/5] 17I2 -> profit=4559 (1676ms, valid=true)
[inst 82/100 | run 3/5] 17I2 -> profit=4559 (1603ms, valid=true)
[inst 82/100 | run 4/5] 17I2 -> profit=4559 (1643ms, valid=true)
[inst 82/100 | run 5/5] 17I2 -> profit=4559 (1586ms, valid=true)
[inst 83/100 | run 1/5] 17I3 -> profit=4589 (2099ms, valid=true)
[inst 83/100 | run 2/5] 17I3 -> profit=4589 (2006ms, valid=true)
[inst 83/100 | run 3/5] 17I3 -> profit=4589 (1972ms, valid=true)
[inst 83/100 | run 4/5] 17I3 -> profit=4589 (1959ms, valid=true)
[inst 83/100 | run 5/5] 17I3 -> profit=4589 (1942ms, valid=true)
[inst 84/100 | run 1/5] 17I4 -> profit=4557 (1602ms, valid=true)
[inst 84/100 | run 2/5] 17I4 -> profit=4557 (1737ms, valid=true)
[inst 84/100 | run 3/5] 17I4 -> profit=4557 (1691ms, valid=true)
[inst 84/100 | run 4/5] 17I4 -> profit=4557 (1578ms, valid=true)
[inst 84/100 | run 5/5] 17I4 -> profit=4557 (1611ms, valid=true)
[inst 85/100 | run 1/5] 17I5 -> profit=4580 (1813ms, valid=true)
[inst 85/100 | run 2/5] 17I5 -> profit=4580 (1883ms, valid=true)
[inst 85/100 | run 3/5] 17I5 -> profit=4580 (1956ms, valid=true)
[inst 85/100 | run 4/5] 17I5 -> profit=4580 (1903ms, valid=true)
[inst 85/100 | run 5/5] 17I5 -> profit=4580 (1946ms, valid=true)
[inst 86/100 | run 1/5] 18I1 -> profit=4409 (533ms, valid=true)
[inst 86/100 | run 2/5] 18I1 -> profit=4409 (524ms, valid=true)
[inst 86/100 | run 3/5] 18I1 -> profit=4409 (522ms, valid=true)
[inst 86/100 | run 4/5] 18I1 -> profit=4409 (552ms, valid=true)
[inst 86/100 | run 5/5] 18I1 -> profit=4409 (560ms, valid=true)
[inst 87/100 | run 1/5] 18I2 -> profit=4426 (675ms, valid=true)
[inst 87/100 | run 2/5] 18I2 -> profit=4426 (633ms, valid=true)
[inst 87/100 | run 3/5] 18I2 -> profit=4426 (667ms, valid=true)
[inst 87/100 | run 4/5] 18I2 -> profit=4426 (634ms, valid=true)
[inst 87/100 | run 5/5] 18I2 -> profit=4426 (646ms, valid=true)
[inst 88/100 | run 1/5] 18I3 -> profit=4419 (552ms, valid=true)
[inst 88/100 | run 2/5] 18I3 -> profit=4419 (552ms, valid=true)
[inst 88/100 | run 3/5] 18I3 -> profit=4419 (592ms, valid=true)
[inst 88/100 | run 4/5] 18I3 -> profit=4419 (552ms, valid=true)
[inst 88/100 | run 5/5] 18I3 -> profit=4419 (557ms, valid=true)
[inst 89/100 | run 1/5] 18I4 -> profit=4409 (541ms, valid=true)
[inst 89/100 | run 2/5] 18I4 -> profit=4409 (590ms, valid=true)
[inst 89/100 | run 3/5] 18I4 -> profit=4409 (521ms, valid=true)
[inst 89/100 | run 4/5] 18I4 -> profit=4409 (518ms, valid=true)
[inst 89/100 | run 5/5] 18I4 -> profit=4409 (533ms, valid=true)
[inst 90/100 | run 1/5] 18I5 -> profit=4388 (432ms, valid=true)
[inst 90/100 | run 2/5] 18I5 -> profit=4388 (432ms, valid=true)
[inst 90/100 | run 3/5] 18I5 -> profit=4388 (433ms, valid=true)
[inst 90/100 | run 4/5] 18I5 -> profit=4388 (433ms, valid=true)
[inst 90/100 | run 5/5] 18I5 -> profit=4388 (459ms, valid=true)
[inst 91/100 | run 1/5] 19I1 -> profit=4340 (239ms, valid=true)
[inst 91/100 | run 2/5] 19I1 -> profit=4340 (238ms, valid=true)
[inst 91/100 | run 3/5] 19I1 -> profit=4340 (266ms, valid=true)
[inst 91/100 | run 4/5] 19I1 -> profit=4340 (286ms, valid=true)
[inst 91/100 | run 5/5] 19I1 -> profit=4340 (238ms, valid=true)
[inst 92/100 | run 1/5] 19I2 -> profit=4317 (187ms, valid=true)
[inst 92/100 | run 2/5] 19I2 -> profit=4317 (232ms, valid=true)
[inst 92/100 | run 3/5] 19I2 -> profit=4317 (231ms, valid=true)
[inst 92/100 | run 4/5] 19I2 -> profit=4317 (193ms, valid=true)
[inst 92/100 | run 5/5] 19I2 -> profit=4317 (190ms, valid=true)
[inst 93/100 | run 1/5] 19I3 -> profit=4297 (161ms, valid=true)
[inst 93/100 | run 2/5] 19I3 -> profit=4297 (161ms, valid=true)
[inst 93/100 | run 3/5] 19I3 -> profit=4297 (162ms, valid=true)
[inst 93/100 | run 4/5] 19I3 -> profit=4297 (162ms, valid=true)
[inst 93/100 | run 5/5] 19I3 -> profit=4297 (162ms, valid=true)
[inst 94/100 | run 1/5] 19I4 -> profit=4308 (221ms, valid=true)
[inst 94/100 | run 2/5] 19I4 -> profit=4308 (217ms, valid=true)
[inst 94/100 | run 3/5] 19I4 -> profit=4308 (197ms, valid=true)
[inst 94/100 | run 4/5] 19I4 -> profit=4308 (197ms, valid=true)
[inst 94/100 | run 5/5] 19I4 -> profit=4308 (233ms, valid=true)
[inst 95/100 | run 1/5] 19I5 -> profit=4328 (275ms, valid=true)
[inst 95/100 | run 2/5] 19I5 -> profit=4328 (273ms, valid=true)
[inst 95/100 | run 3/5] 19I5 -> profit=4328 (249ms, valid=true)
[inst 95/100 | run 4/5] 19I5 -> profit=4328 (259ms, valid=true)
[inst 95/100 | run 5/5] 19I5 -> profit=4328 (254ms, valid=true)
[inst 96/100 | run 1/5] 20I1 -> profit=4268 (108ms, valid=true)
[inst 96/100 | run 2/5] 20I1 -> profit=4268 (108ms, valid=true)
[inst 96/100 | run 3/5] 20I1 -> profit=4268 (108ms, valid=true)
[inst 96/100 | run 4/5] 20I1 -> profit=4268 (108ms, valid=true)
[inst 96/100 | run 5/5] 20I1 -> profit=4268 (128ms, valid=true)
[inst 97/100 | run 1/5] 20I2 -> profit=4266 (123ms, valid=true)
[inst 97/100 | run 2/5] 20I2 -> profit=4266 (125ms, valid=true)
[inst 97/100 | run 3/5] 20I2 -> profit=4266 (125ms, valid=true)
[inst 97/100 | run 4/5] 20I2 -> profit=4266 (123ms, valid=true)
[inst 97/100 | run 5/5] 20I2 -> profit=4266 (123ms, valid=true)
[inst 98/100 | run 1/5] 20I3 -> profit=4259 (90ms, valid=true)
[inst 98/100 | run 2/5] 20I3 -> profit=4259 (92ms, valid=true)
[inst 98/100 | run 3/5] 20I3 -> profit=4259 (91ms, valid=true)
[inst 98/100 | run 4/5] 20I3 -> profit=4259 (91ms, valid=true)
[inst 98/100 | run 5/5] 20I3 -> profit=4259 (91ms, valid=true)
[inst 99/100 | run 1/5] 20I4 -> profit=4285 (164ms, valid=true)
[inst 99/100 | run 2/5] 20I4 -> profit=4285 (163ms, valid=true)
[inst 99/100 | run 3/5] 20I4 -> profit=4285 (165ms, valid=true)
[inst 99/100 | run 4/5] 20I4 -> profit=4285 (163ms, valid=true)
[inst 99/100 | run 5/5] 20I4 -> profit=4285 (165ms, valid=true)
[inst 100/100 | run 1/5] 20I5 -> profit=4248 (78ms, valid=true)
[inst 100/100 | run 2/5] 20I5 -> profit=4248 (79ms, valid=true)
[inst 100/100 | run 3/5] 20I5 -> profit=4248 (79ms, valid=true)
[inst 100/100 | run 4/5] 20I5 -> profit=4248 (79ms, valid=true)
[inst 100/100 | run 5/5] 20I5 -> profit=4248 (78ms, valid=true)

=== Group 1 (1I1-10I5) ===
  best_profit : 2710
  mean_profit : 2222.74
  median      : 2504.00
  stddev      : 511.25
  mean_time_ms: 254.41
=== Group 2 (11I1-20I5) ===
  best_profit : 4890
  mean_profit : 4469.88
  median      : 4397.00
  stddev      : 210.82
  mean_time_ms: 1407.59
=== Overall ===
  best_profit : 4890
  mean_profit : 3346.31
  median      : 3471.50
  stddev      : 1190.61
  mean_time_ms: 831.00
  invalid     : 0

CSV written to: /mnt/c/Users/thall/Documents/dckp-sbpo/results/results_VND_20260420_165743.csv
